


ARM Macro Assembler    Page 1 


    1 00000000         ;******************** (C) COPYRIGHT 2009 STMicroelectron
                       ics ********************
    2 00000000         ;* File Name          : startup_stm32f10x_hd.s
    3 00000000         ;* Author             : MCD Application Team
    4 00000000         ;* Version            : V3.1.2
    5 00000000         ;* Date               : 09/28/2009
    6 00000000         ;* Description        : STM32F10x High Density Devices v
                       ector table for RVMDK 
    7 00000000         ;*                      toolchain. 
    8 00000000         ;*                      This module performs:
    9 00000000         ;*                      - Set the initial SP
   10 00000000         ;*                      - Set the initial PC == Reset_Ha
                       ndler
   11 00000000         ;*                      - Set the vector table entries w
                       ith the exceptions ISR address
   12 00000000         ;*                      - Configure external SRAM mounte
                       d on STM3210E-EVAL board
   13 00000000         ;*                        to be used as data memory (opt
                       ional, to be enabled by user)
   14 00000000         ;*                      - Branches to __main in the C li
                       brary (which eventually
   15 00000000         ;*                        calls main()).
   16 00000000         ;*                      After Reset the CortexM3 process
                       or is in Thread mode,
   17 00000000         ;*                      priority is Privileged, and the 
                       Stack is set to Main.
   18 00000000         ;* <<< Use Configuration Wizard in Context Menu >>>   
   19 00000000         ;*******************************************************
                       ************************
   20 00000000         ; THE PRESENT FIRMWARE WHICH IS FOR GUIDANCE ONLY AIMS A
                       T PROVIDING CUSTOMERS
   21 00000000         ; WITH CODING INFORMATION REGARDING THEIR PRODUCTS IN OR
                       DER FOR THEM TO SAVE TIME.
   22 00000000         ; AS A RESULT, STMICROELECTRONICS SHALL NOT BE HELD LIAB
                       LE FOR ANY DIRECT,
   23 00000000         ; INDIRECT OR CONSEQUENTIAL DAMAGES WITH RESPECT TO ANY 
                       CLAIMS ARISING FROM THE
   24 00000000         ; CONTENT OF SUCH FIRMWARE AND/OR THE USE MADE BY CUSTOM
                       ERS OF THE CODING
   25 00000000         ; INFORMATION CONTAINED HEREIN IN CONNECTION WITH THEIR 
                       PRODUCTS.
   26 00000000         ;*******************************************************
                       ************************
   27 00000000         
   28 00000000         ; Amount of memory (in bytes) allocated for Stack
   29 00000000         ; Tailor this value to your application needs
   30 00000000         ; <h> Stack Configuration
   31 00000000         ;   <o> Stack Size (in Bytes) <0x0-0xFFFFFFFF:8>
   32 00000000         ; </h>
   33 00000000         
   34 00000000 00000400 
                       Stack_Size
                               EQU              0x00000400
   35 00000000         
   36 00000000                 AREA             STACK, NOINIT, READWRITE, ALIGN
=3
   37 00000000         Stack_Mem
                               SPACE            Stack_Size
   38 00000400         __initial_sp



ARM Macro Assembler    Page 2 


   39 00000400         
   40 00000400         ; always internal RAM used 
   41 00000400         
   42 00000400         ; <h> Heap Configuration
   43 00000400         ;   <o>  Heap Size (in Bytes) <0x0-0xFFFFFFFF:8>
   44 00000400         ; </h>
   45 00000400         
   46 00000400 00000000 
                       Heap_Size
                               EQU              0x00000000
   47 00000400         
   48 00000400                 AREA             HEAP, NOINIT, READWRITE, ALIGN=
3
   49 00000000         __heap_base
   50 00000000         Heap_Mem
                               SPACE            Heap_Size
   51 00000000         __heap_limit
   52 00000000         
   53 00000000                 PRESERVE8
   54 00000000                 THUMB
   55 00000000         
   56 00000000         
   57 00000000         ; Vector Table Mapped to Address 0 at Reset
   58 00000000                 AREA             RESET, DATA, READONLY
   59 00000000                 EXPORT           __Vectors
   60 00000000                 EXPORT           __Vectors_End
   61 00000000                 EXPORT           __Vectors_Size
   62 00000000         
   63 00000000 00000000 
                       __Vectors
                               DCD              __initial_sp ; Top of Stack
   64 00000004 00000000        DCD              Reset_Handler ; Reset Handler
   65 00000008 00000000        DCD              NMI_Handler ; NMI Handler
   66 0000000C 00000000        DCD              HardFault_Handler ; Hard Fault 
                                                            Handler
   67 00000010 00000000        DCD              MemManage_Handler 
                                                            ; MPU Fault Handler
                                                            
   68 00000014 00000000        DCD              BusFault_Handler 
                                                            ; Bus Fault Handler
                                                            
   69 00000018 00000000        DCD              UsageFault_Handler ; Usage Faul
                                                            t Handler
   70 0000001C 00000000        DCD              0           ; Reserved
   71 00000020 00000000        DCD              0           ; Reserved
   72 00000024 00000000        DCD              0           ; Reserved
   73 00000028 00000000        DCD              0           ; Reserved
   74 0000002C 00000000        DCD              SVC_Handler ; SVCall Handler
   75 00000030 00000000        DCD              DebugMon_Handler ; Debug Monito
                                                            r Handler
   76 00000034 00000000        DCD              0           ; Reserved
   77 00000038 00000000        DCD              PendSV_Handler ; PendSV Handler
                                                            
   78 0000003C 00000000        DCD              SysTick_Handler 
                                                            ; SysTick Handler
   79 00000040         
   80 00000040         ; External Interrupts
   81 00000040 00000000        DCD              DMAIntHandler ; Dmac Controller
                                                            



ARM Macro Assembler    Page 3 


   82 00000044 00000000        DCD              0           ; 
   83 00000048 00000000        DCD              0           ; 
   84 0000004C 00000000        DCD              0           ; 
   85 00000050 00000000        DCD              Timer1IntHandler ; Timer 1
   86 00000054 00000000        DCD              Timer2IntHandler ; Timer 2
   87 00000058 00000000        DCD              WWDG_IRQHandler ; Watch Dog
   88 0000005C 00000000        DCD              DINTC_IRQHandler 
                                                            ; Dmac Interrupt Tc
                                                            
   89 00000060 00000000        DCD              DINTE_IRQHandler ; Dmac Interru
                                                            pt Err
   90 00000064 00000000        DCD              GPIOC_IRQHandler ; GPIO C
   91 00000068 00000000        DCD              UART_IRQHandler ; UART
   92 0000006C 00000000        DCD              GPIOA_IRQHandler ; GPIO A
   93 00000070 00000000        DCD              GPIOB_IRQHandler ; GPIO B
   94 00000074 00000000        DCD              FLASH_IRQHandler ; FLASH
   95 00000078         
   96 00000078         __Vectors_End
   97 00000078         
   98 00000078 00000078 
                       __Vectors_Size
                               EQU              __Vectors_End - __Vectors
   99 00000078         
  100 00000078                 AREA             |.text|, CODE, READONLY
  101 00000000         
  102 00000000         ; Dummy SystemInit_ExtMemCtl function                
  103 00000000         SystemInit_ExtMemCtl
                               PROC
  104 00000000                 EXPORT           SystemInit_ExtMemCtl      [WEAK
]
  105 00000000 4770            BX               LR
  106 00000002                 ENDP
  107 00000002         
  108 00000002         ; Reset handler routine
  109 00000002         Reset_Handler
                               PROC
  110 00000002                 EXPORT           Reset_Handler             [WEAK
]
  111 00000002                 IMPORT           __main
  112 00000002         
  113 00000002 4806            LDR              R0, =__main
  114 00000004 4700            BX               R0
  115 00000006                 ENDP
  116 00000006         
  117 00000006         ; Dummy Exception Handlers (infinite loops which can be 
                       modified)
  118 00000006         
  119 00000006         NMI_Handler
                               PROC
  120 00000006                 EXPORT           NMI_Handler                [WEA
K]
  121 00000006 E7FE            B                .
  122 00000008                 ENDP
  124 00000008         HardFault_Handler
                               PROC
  125 00000008                 EXPORT           HardFault_Handler          [WEA
K]
  126 00000008 E7FE            B                .
  127 0000000A                 ENDP



ARM Macro Assembler    Page 4 


  129 0000000A         MemManage_Handler
                               PROC
  130 0000000A                 EXPORT           MemManage_Handler          [WEA
K]
  131 0000000A E7FE            B                .
  132 0000000C                 ENDP
  134 0000000C         BusFault_Handler
                               PROC
  135 0000000C                 EXPORT           BusFault_Handler           [WEA
K]
  136 0000000C E7FE            B                .
  137 0000000E                 ENDP
  139 0000000E         UsageFault_Handler
                               PROC
  140 0000000E                 EXPORT           UsageFault_Handler         [WEA
K]
  141 0000000E E7FE            B                .
  142 00000010                 ENDP
  143 00000010         SVC_Handler
                               PROC
  144 00000010                 EXPORT           SVC_Handler                [WEA
K]
  145 00000010 E7FE            B                .
  146 00000012                 ENDP
  148 00000012         DebugMon_Handler
                               PROC
  149 00000012                 EXPORT           DebugMon_Handler           [WEA
K]
  150 00000012 E7FE            B                .
  151 00000014                 ENDP
  152 00000014         PendSV_Handler
                               PROC
  153 00000014                 EXPORT           PendSV_Handler             [WEA
K]
  154 00000014 E7FE            B                .
  155 00000016                 ENDP
  156 00000016         SysTick_Handler
                               PROC
  157 00000016                 EXPORT           SysTick_Handler            [WEA
K]
  158 00000016 E7FE            B                .
  159 00000018                 ENDP
  160 00000018         
  161 00000018         Default_Handler
                               PROC
  162 00000018         
  163 00000018                 EXPORT           DMAIntHandler       [WEAK] 
                                                            ;Dmac Controller
  164 00000018                 EXPORT           Timer1IntHandler    [WEAK] 
                                                            ;Timer 0
  165 00000018                 EXPORT           Timer2IntHandler    [WEAK] 
                                                            ;Timer 1
  166 00000018                 EXPORT           WWDG_IRQHandler     [WEAK] 
                                                            ;Watch Dog
  167 00000018                 EXPORT           DINTC_IRQHandler    [WEAK] 
                                                            ;Dmac Interrupt Tc
  168 00000018                 EXPORT           DINTE_IRQHandler    [WEAK] 
                                                            ;Dmac Interrupt Err
                                                            



ARM Macro Assembler    Page 5 


  169 00000018                 EXPORT           GPIOC_IRQHandler    [WEAK] 
                                                            ;GPIO C
  170 00000018                 EXPORT           UART_IRQHandler     [WEAK] 
                                                            ;UART
  171 00000018                 EXPORT           GPIOA_IRQHandler    [WEAK] 
                                                            ;GPIO A
  172 00000018                 EXPORT           GPIOB_IRQHandler    [WEAK] 
                                                            ;GPIO B
  173 00000018                 EXPORT           FLASH_IRQHandler    [WEAK] 
                                                            ;FLASH
  174 00000018         
  175 00000018         
  176 00000018         DMAIntHandler
  177 00000018         Timer1IntHandler
  178 00000018         Timer2IntHandler
  179 00000018         WWDG_IRQHandler
  180 00000018         DINTC_IRQHandler
  181 00000018         DINTE_IRQHandler
  182 00000018         GPIOC_IRQHandler
  183 00000018         UART_IRQHandler
  184 00000018         GPIOA_IRQHandler
  185 00000018         GPIOB_IRQHandler
  186 00000018         FLASH_IRQHandler
  187 00000018 E7FE            B                .
  188 0000001A         
  189 0000001A                 ENDP
  190 0000001A         
  191 0000001A 00 00           ALIGN
  192 0000001C         
  193 0000001C         ;*******************************************************
                       ************************
  194 0000001C         ; User Stack and Heap initialization
  195 0000001C         ;*******************************************************
                       ************************
  196 0000001C                 IF               :DEF:__MICROLIB
  197 0000001C         
  198 0000001C                 EXPORT           __initial_sp
  199 0000001C                 EXPORT           __heap_base
  200 0000001C                 EXPORT           __heap_limit
  201 0000001C         
  202 0000001C                 ELSE
  217                          ENDIF
  218 0000001C         
  219 0000001C                 END
              00000000 
Command Line: --debug --xref --cpu=Cortex-M3 --apcs=interwork --depend=.\obj\st
artup_scm3.d -o.\obj\startup_scm3.o -IE:\00_Workspace\0608_AG16KSDE176_DemoBoar
d\SCM3_DVK\Project\RVMDK\RTE -IC:\Keil_v5\ARM\PACK\ARM\CMSIS\4.3.0 -IC:\Keil_v5
\ARM\CMSIS\Include -IC:\Keil_v5\ARM\PACK\ARM\CMSIS\4.3.0\Device\Include --prede
fine="__MICROLIB SETA 1" --predefine="__UVISION_VERSION SETA 513" --predefine="
ARMCM3 SETA 1" --list=.\list\startup_scm3.lst ..\..\Source\src\startup_SCM3.s



ARM Macro Assembler    Page 1 Alphabetic symbol ordering
Relocatable symbols

STACK 00000000

Symbol: STACK
   Definitions
      At line 36 in file ..\..\Source\src\startup_SCM3.s
   Uses
      None
Comment: STACK unused
Stack_Mem 00000000

Symbol: Stack_Mem
   Definitions
      At line 37 in file ..\..\Source\src\startup_SCM3.s
   Uses
      None
Comment: Stack_Mem unused
__initial_sp 00000400

Symbol: __initial_sp
   Definitions
      At line 38 in file ..\..\Source\src\startup_SCM3.s
   Uses
      At line 63 in file ..\..\Source\src\startup_SCM3.s
      At line 198 in file ..\..\Source\src\startup_SCM3.s

3 symbols



ARM Macro Assembler    Page 1 Alphabetic symbol ordering
Relocatable symbols

HEAP 00000000

Symbol: HEAP
   Definitions
      At line 48 in file ..\..\Source\src\startup_SCM3.s
   Uses
      None
Comment: HEAP unused
Heap_Mem 00000000

Symbol: Heap_Mem
   Definitions
      At line 50 in file ..\..\Source\src\startup_SCM3.s
   Uses
      None
Comment: Heap_Mem unused
__heap_base 00000000

Symbol: __heap_base
   Definitions
      At line 49 in file ..\..\Source\src\startup_SCM3.s
   Uses
      At line 199 in file ..\..\Source\src\startup_SCM3.s
Comment: __heap_base used once
__heap_limit 00000000

Symbol: __heap_limit
   Definitions
      At line 51 in file ..\..\Source\src\startup_SCM3.s
   Uses
      At line 200 in file ..\..\Source\src\startup_SCM3.s
Comment: __heap_limit used once
4 symbols



ARM Macro Assembler    Page 1 Alphabetic symbol ordering
Relocatable symbols

RESET 00000000

Symbol: RESET
   Definitions
      At line 58 in file ..\..\Source\src\startup_SCM3.s
   Uses
      None
Comment: RESET unused
__Vectors 00000000

Symbol: __Vectors
   Definitions
      At line 63 in file ..\..\Source\src\startup_SCM3.s
   Uses
      At line 59 in file ..\..\Source\src\startup_SCM3.s
      At line 98 in file ..\..\Source\src\startup_SCM3.s

__Vectors_End 00000078

Symbol: __Vectors_End
   Definitions
      At line 96 in file ..\..\Source\src\startup_SCM3.s
   Uses
      At line 60 in file ..\..\Source\src\startup_SCM3.s
      At line 98 in file ..\..\Source\src\startup_SCM3.s

3 symbols



ARM Macro Assembler    Page 1 Alphabetic symbol ordering
Relocatable symbols

.text 00000000

Symbol: .text
   Definitions
      At line 100 in file ..\..\Source\src\startup_SCM3.s
   Uses
      None
Comment: .text unused
BusFault_Handler 0000000C

Symbol: BusFault_Handler
   Definitions
      At line 134 in file ..\..\Source\src\startup_SCM3.s
   Uses
      At line 68 in file ..\..\Source\src\startup_SCM3.s
      At line 135 in file ..\..\Source\src\startup_SCM3.s

DINTC_IRQHandler 00000018

Symbol: DINTC_IRQHandler
   Definitions
      At line 180 in file ..\..\Source\src\startup_SCM3.s
   Uses
      At line 88 in file ..\..\Source\src\startup_SCM3.s
      At line 167 in file ..\..\Source\src\startup_SCM3.s

DINTE_IRQHandler 00000018

Symbol: DINTE_IRQHandler
   Definitions
      At line 181 in file ..\..\Source\src\startup_SCM3.s
   Uses
      At line 89 in file ..\..\Source\src\startup_SCM3.s
      At line 168 in file ..\..\Source\src\startup_SCM3.s

DMAIntHandler 00000018

Symbol: DMAIntHandler
   Definitions
      At line 176 in file ..\..\Source\src\startup_SCM3.s
   Uses
      At line 81 in file ..\..\Source\src\startup_SCM3.s
      At line 163 in file ..\..\Source\src\startup_SCM3.s

DebugMon_Handler 00000012

Symbol: DebugMon_Handler
   Definitions
      At line 148 in file ..\..\Source\src\startup_SCM3.s
   Uses
      At line 75 in file ..\..\Source\src\startup_SCM3.s
      At line 149 in file ..\..\Source\src\startup_SCM3.s

Default_Handler 00000018

Symbol: Default_Handler
   Definitions
      At line 161 in file ..\..\Source\src\startup_SCM3.s
   Uses



ARM Macro Assembler    Page 2 Alphabetic symbol ordering
Relocatable symbols

      None
Comment: Default_Handler unused
FLASH_IRQHandler 00000018

Symbol: FLASH_IRQHandler
   Definitions
      At line 186 in file ..\..\Source\src\startup_SCM3.s
   Uses
      At line 94 in file ..\..\Source\src\startup_SCM3.s
      At line 173 in file ..\..\Source\src\startup_SCM3.s

GPIOA_IRQHandler 00000018

Symbol: GPIOA_IRQHandler
   Definitions
      At line 184 in file ..\..\Source\src\startup_SCM3.s
   Uses
      At line 92 in file ..\..\Source\src\startup_SCM3.s
      At line 171 in file ..\..\Source\src\startup_SCM3.s

GPIOB_IRQHandler 00000018

Symbol: GPIOB_IRQHandler
   Definitions
      At line 185 in file ..\..\Source\src\startup_SCM3.s
   Uses
      At line 93 in file ..\..\Source\src\startup_SCM3.s
      At line 172 in file ..\..\Source\src\startup_SCM3.s

GPIOC_IRQHandler 00000018

Symbol: GPIOC_IRQHandler
   Definitions
      At line 182 in file ..\..\Source\src\startup_SCM3.s
   Uses
      At line 90 in file ..\..\Source\src\startup_SCM3.s
      At line 169 in file ..\..\Source\src\startup_SCM3.s

HardFault_Handler 00000008

Symbol: HardFault_Handler
   Definitions
      At line 124 in file ..\..\Source\src\startup_SCM3.s
   Uses
      At line 66 in file ..\..\Source\src\startup_SCM3.s
      At line 125 in file ..\..\Source\src\startup_SCM3.s

MemManage_Handler 0000000A

Symbol: MemManage_Handler
   Definitions
      At line 129 in file ..\..\Source\src\startup_SCM3.s
   Uses
      At line 67 in file ..\..\Source\src\startup_SCM3.s
      At line 130 in file ..\..\Source\src\startup_SCM3.s

NMI_Handler 00000006

Symbol: NMI_Handler



ARM Macro Assembler    Page 3 Alphabetic symbol ordering
Relocatable symbols

   Definitions
      At line 119 in file ..\..\Source\src\startup_SCM3.s
   Uses
      At line 65 in file ..\..\Source\src\startup_SCM3.s
      At line 120 in file ..\..\Source\src\startup_SCM3.s

PendSV_Handler 00000014

Symbol: PendSV_Handler
   Definitions
      At line 152 in file ..\..\Source\src\startup_SCM3.s
   Uses
      At line 77 in file ..\..\Source\src\startup_SCM3.s
      At line 153 in file ..\..\Source\src\startup_SCM3.s

Reset_Handler 00000002

Symbol: Reset_Handler
   Definitions
      At line 109 in file ..\..\Source\src\startup_SCM3.s
   Uses
      At line 64 in file ..\..\Source\src\startup_SCM3.s
      At line 110 in file ..\..\Source\src\startup_SCM3.s

SVC_Handler 00000010

Symbol: SVC_Handler
   Definitions
      At line 143 in file ..\..\Source\src\startup_SCM3.s
   Uses
      At line 74 in file ..\..\Source\src\startup_SCM3.s
      At line 144 in file ..\..\Source\src\startup_SCM3.s

SysTick_Handler 00000016

Symbol: SysTick_Handler
   Definitions
      At line 156 in file ..\..\Source\src\startup_SCM3.s
   Uses
      At line 78 in file ..\..\Source\src\startup_SCM3.s
      At line 157 in file ..\..\Source\src\startup_SCM3.s

SystemInit_ExtMemCtl 00000000

Symbol: SystemInit_ExtMemCtl
   Definitions
      At line 103 in file ..\..\Source\src\startup_SCM3.s
   Uses
      At line 104 in file ..\..\Source\src\startup_SCM3.s
Comment: SystemInit_ExtMemCtl used once
Timer1IntHandler 00000018

Symbol: Timer1IntHandler
   Definitions
      At line 177 in file ..\..\Source\src\startup_SCM3.s
   Uses
      At line 85 in file ..\..\Source\src\startup_SCM3.s
      At line 164 in file ..\..\Source\src\startup_SCM3.s




ARM Macro Assembler    Page 4 Alphabetic symbol ordering
Relocatable symbols

Timer2IntHandler 00000018

Symbol: Timer2IntHandler
   Definitions
      At line 178 in file ..\..\Source\src\startup_SCM3.s
   Uses
      At line 86 in file ..\..\Source\src\startup_SCM3.s
      At line 165 in file ..\..\Source\src\startup_SCM3.s

UART_IRQHandler 00000018

Symbol: UART_IRQHandler
   Definitions
      At line 183 in file ..\..\Source\src\startup_SCM3.s
   Uses
      At line 91 in file ..\..\Source\src\startup_SCM3.s
      At line 170 in file ..\..\Source\src\startup_SCM3.s

UsageFault_Handler 0000000E

Symbol: UsageFault_Handler
   Definitions
      At line 139 in file ..\..\Source\src\startup_SCM3.s
   Uses
      At line 69 in file ..\..\Source\src\startup_SCM3.s
      At line 140 in file ..\..\Source\src\startup_SCM3.s

WWDG_IRQHandler 00000018

Symbol: WWDG_IRQHandler
   Definitions
      At line 179 in file ..\..\Source\src\startup_SCM3.s
   Uses
      At line 87 in file ..\..\Source\src\startup_SCM3.s
      At line 166 in file ..\..\Source\src\startup_SCM3.s

24 symbols



ARM Macro Assembler    Page 1 Alphabetic symbol ordering
Absolute symbols

Heap_Size 00000000

Symbol: Heap_Size
   Definitions
      At line 46 in file ..\..\Source\src\startup_SCM3.s
   Uses
      At line 50 in file ..\..\Source\src\startup_SCM3.s
Comment: Heap_Size used once
Stack_Size 00000400

Symbol: Stack_Size
   Definitions
      At line 34 in file ..\..\Source\src\startup_SCM3.s
   Uses
      At line 37 in file ..\..\Source\src\startup_SCM3.s
Comment: Stack_Size used once
__Vectors_Size 00000078

Symbol: __Vectors_Size
   Definitions
      At line 98 in file ..\..\Source\src\startup_SCM3.s
   Uses
      At line 61 in file ..\..\Source\src\startup_SCM3.s
Comment: __Vectors_Size used once
3 symbols



ARM Macro Assembler    Page 1 Alphabetic symbol ordering
External symbols

__main 00000000

Symbol: __main
   Definitions
      At line 111 in file ..\..\Source\src\startup_SCM3.s
   Uses
      At line 113 in file ..\..\Source\src\startup_SCM3.s
Comment: __main used once
1 symbol
373 symbols in table
